<?xml version="1.0" encoding="UTF-8"?>
<!-- Generated by org.testng.reporters.JUnitXMLReporter -->
<testsuite hostname="Bhuvaneshwaran" ignored="4" name="Test" tests="2" failures="0" timestamp="29 May 2019 14:32:01 GMT" time="0.053" errors="0">
  <testcase name="test5" time="0.012" classname="com.TestNG.TestNGProject.Annotations"/>
  <testcase name="test6" time="0.002" classname="com.TestNG.TestNGProject.Annotations"/>
  <testcase name="test1" time="0.0" classname="com.TestNG.TestNGProject.Annotations">
    <ignored/>
  </testcase> <!-- test1 -->
  <testcase name="test3" time="0.0" classname="com.TestNG.TestNGProject.Annotations">
    <ignored/>
  </testcase> <!-- test3 -->
  <testcase name="test2" time="0.0" classname="com.TestNG.TestNGProject.Annotations">
    <ignored/>
  </testcase> <!-- test2 -->
  <testcase name="test4" time="0.0" classname="com.TestNG.TestNGProject.Annotations">
    <ignored/>
  </testcase> <!-- test4 -->
</testsuite> <!-- Test -->
