<?xml version="1.0" encoding="UTF-8"?>
<testng-results skipped="0" failed="0" ignored="4" total="6" passed="2">
  <reporter-output>
  </reporter-output>
  <suite name="Suite" duration-ms="53" started-at="2019-05-29T14:32:01Z" finished-at="2019-05-29T14:32:01Z">
    <groups>
      <group name="spi">
        <method signature="Annotations.test5()[pri:0, instance:com.TestNG.TestNGProject.Annotations@9629756]" name="test5" class="com.TestNG.TestNGProject.Annotations"/>
      </group> <!-- spi -->
      <group name="inox">
        <method signature="Annotations.test6()[pri:0, instance:com.TestNG.TestNGProject.Annotations@9629756]" name="test6" class="com.TestNG.TestNGProject.Annotations"/>
      </group> <!-- inox -->
    </groups>
    <test name="Test" duration-ms="53" started-at="2019-05-29T14:32:01Z" finished-at="2019-05-29T14:32:01Z">
      <class name="com.TestNG.TestNGProject.Annotations">
        <test-method status="PASS" signature="test5()[pri:0, instance:com.TestNG.TestNGProject.Annotations@9629756]" name="test5" duration-ms="12" started-at="2019-05-29T14:32:01Z" finished-at="2019-05-29T14:32:01Z">
          <reporter-output>
          </reporter-output>
        </test-method> <!-- test5 -->
        <test-method status="PASS" signature="test6()[pri:0, instance:com.TestNG.TestNGProject.Annotations@9629756]" name="test6" duration-ms="2" started-at="2019-05-29T14:32:01Z" finished-at="2019-05-29T14:32:01Z">
          <reporter-output>
          </reporter-output>
        </test-method> <!-- test6 -->
      </class> <!-- com.TestNG.TestNGProject.Annotations -->
    </test> <!-- Test -->
  </suite> <!-- Suite -->
</testng-results>
