<?xml version="1.0" encoding="UTF-8"?>
<!-- Generated by org.testng.reporters.JUnitXMLReporter -->
<testsuite hostname="Bhuvaneshwaran" ignored="1" name="Default test" tests="3" failures="0" timestamp="29 May 2019 14:22:36 GMT" time="0.052" errors="0">
  <testcase name="test4" time="0.011" classname="com.TestNG.TestNGProject.Annotations"/>
  <testcase name="test3" time="0.004" classname="com.TestNG.TestNGProject.Annotations"/>
  <testcase name="test1" time="0.003" classname="com.TestNG.TestNGProject.Annotations"/>
  <testcase name="test2" time="0.0" classname="com.TestNG.TestNGProject.Annotations">
    <ignored/>
  </testcase> <!-- test2 -->
</testsuite> <!-- Default test -->
